<?xml version="1.0" encoding="UTF-8"?>
<!-- Generated by org.testng.reporters.JUnitReportReporter -->
<testsuite hostname="Mayank-Laptop" failures="0" tests="1" name="Academy.validate" time="0.087" errors="0" timestamp="2022-04-18T17:01:13 IST" skipped="0">
  <testcase classname="Academy.validate" name="basePageNavigation" time="0.087"/>
  <system-out/>
</testsuite> <!-- Academy.validate -->
