<?xml version="1.0" encoding="UTF-8"?>
<!-- Generated by org.testng.reporters.JUnitReportReporter -->
<testsuite hostname="Mayank-Laptop" failures="0" tests="1" name="Academy.validateNavigationBar" time="0.091" errors="0" timestamp="2022-04-18T17:01:13 IST" skipped="0">
  <testcase classname="Academy.validateNavigationBar" name="basePageNavigation" time="0.091"/>
  <system-out/>
</testsuite> <!-- Academy.validateNavigationBar -->
