<?xml version="1.0" encoding="UTF-8"?>
<!-- Generated by org.testng.reporters.JUnitReportReporter -->
<testsuite hostname="Mayank-Laptop" failures="0" tests="1" name="Academy.validateNavigationBar" time="0.075" errors="0" timestamp="2022-04-20T15:25:35 IST" skipped="0">
  <testcase classname="Academy.validateNavigationBar" name="basePageNavigation" time="0.075"/>
  <system-out/>
</testsuite> <!-- Academy.validateNavigationBar -->
