<?xml version="1.0" encoding="UTF-8"?>
<!-- Generated by org.testng.reporters.JUnitReportReporter -->
<testsuite hostname="Mayank-Laptop" failures="0" tests="1" name="Academy.validate" time="0.045" errors="0" timestamp="2022-04-20T15:25:35 IST" skipped="0">
  <testcase classname="Academy.validate" name="basePageNavigation" time="0.045"/>
  <system-out/>
</testsuite> <!-- Academy.validate -->
