<?xml version="1.0" encoding="UTF-8"?>
<!-- Generated by org.testng.reporters.JUnitReportReporter -->
<testsuite hostname="Mayank-Laptop" failures="0" tests="1" name="Academy.HomePage" time="10.751" errors="0" timestamp="2022-04-20T15:25:35 IST" skipped="0">
  <testcase classname="Academy.HomePage" name="basePageNavigation" time="10.751"/>
  <system-out/>
</testsuite> <!-- Academy.HomePage -->
